2020-11-25 21:42:38.361  INFO 1 --- [main] com.kadiax.episen.ProductAppDocker       : Starting ProductAppDocker v0.0.2-RELEASE on orders-back with PID 1 (/usr/app/app.jar started by root in /)
2020-11-25 21:42:38.415  INFO 1 --- [main] com.kadiax.episen.ProductAppDocker       : No active profile set, falling back to default profiles: default
2020-11-25 21:42:38.764  INFO 1 --- [main] com.kadiax.episen.ProductAppDocker       : Starting ProductAppDocker v0.0.2-RELEASE on orders-back with PID 1 (/usr/app/app.jar started by root in /)
2020-11-25 21:42:38.820  INFO 1 --- [main] com.kadiax.episen.ProductAppDocker       : No active profile set, falling back to default profiles: default
2020-11-25 21:42:47.940  INFO 1 --- [main] .s.d.r.c.RepositoryConfigurationDelegate : Multiple Spring Data modules found, entering strict repository configuration mode!
2020-11-25 21:42:47.971  INFO 1 --- [main] .s.d.r.c.RepositoryConfigurationDelegate : Bootstrapping Spring Data Redis repositories in DEFAULT mode.
2020-11-25 21:42:48.312  INFO 1 --- [main] .s.d.r.c.RepositoryConfigurationDelegate : Finished Spring Data repository scanning in 132ms. Found 0 Redis repository interfaces.
2020-11-25 21:42:48.484  INFO 1 --- [main] .s.d.r.c.RepositoryConfigurationDelegate : Multiple Spring Data modules found, entering strict repository configuration mode!
2020-11-25 21:42:48.522  INFO 1 --- [main] .s.d.r.c.RepositoryConfigurationDelegate : Bootstrapping Spring Data Redis repositories in DEFAULT mode.
2020-11-25 21:42:48.819  INFO 1 --- [main] .s.d.r.c.RepositoryConfigurationDelegate : Finished Spring Data repository scanning in 131ms. Found 0 Redis repository interfaces.
2020-11-25 21:42:53.436  INFO 1 --- [main] o.s.b.w.embedded.tomcat.TomcatWebServer  : Tomcat initialized with port(s): 8080 (http)
2020-11-25 21:42:53.578  INFO 1 --- [main] o.apache.catalina.core.StandardService   : Starting service [Tomcat]
2020-11-25 21:42:53.586  INFO 1 --- [main] org.apache.catalina.core.StandardEngine  : Starting Servlet engine: [Apache Tomcat/9.0.37]
2020-11-25 21:42:53.764  INFO 1 --- [main] o.s.b.w.embedded.tomcat.TomcatWebServer  : Tomcat initialized with port(s): 8080 (http)
2020-11-25 21:42:53.887  INFO 1 --- [main] o.apache.catalina.core.StandardService   : Starting service [Tomcat]
2020-11-25 21:42:53.896  INFO 1 --- [main] org.apache.catalina.core.StandardEngine  : Starting Servlet engine: [Apache Tomcat/9.0.37]
2020-11-25 21:42:54.230  INFO 1 --- [main] o.a.c.c.C.[Tomcat].[localhost].[/]       : Initializing Spring embedded WebApplicationContext
2020-11-25 21:42:54.236  INFO 1 --- [main] w.s.c.ServletWebServerApplicationContext : Root WebApplicationContext: initialization completed in 14955 ms
2020-11-25 21:42:54.543  INFO 1 --- [main] o.a.c.c.C.[Tomcat].[localhost].[/]       : Initializing Spring embedded WebApplicationContext
2020-11-25 21:42:54.550  INFO 1 --- [main] w.s.c.ServletWebServerApplicationContext : Root WebApplicationContext: initialization completed in 14833 ms
2020-11-25 21:43:04.696  INFO 1 --- [main] o.s.s.concurrent.ThreadPoolTaskExecutor  : Initializing ExecutorService 'applicationTaskExecutor'
2020-11-25 21:43:04.760  INFO 1 --- [main] o.s.s.concurrent.ThreadPoolTaskExecutor  : Initializing ExecutorService 'applicationTaskExecutor'
2020-11-25 21:43:05.947  INFO 1 --- [main] o.s.b.w.embedded.tomcat.TomcatWebServer  : Tomcat started on port(s): 8080 (http) with context path ''
2020-11-25 21:43:05.961  INFO 1 --- [main] o.s.b.w.embedded.tomcat.TomcatWebServer  : Tomcat started on port(s): 8080 (http) with context path ''
2020-11-25 21:43:06.020  INFO 1 --- [main] com.kadiax.episen.ProductAppDocker       : Started ProductAppDocker in 34.349 seconds (JVM running for 40.922)
2020-11-25 21:43:06.033  INFO 1 --- [main] com.kadiax.episen.ProductAppDocker       : Started ProductAppDocker in 34.205 seconds (JVM running for 40.936)
2020-11-25 21:44:10.777  INFO 1 --- [http-nio-8080-exec-1] o.a.c.c.C.[Tomcat].[localhost].[/]       : Initializing Spring DispatcherServlet 'dispatcherServlet'
2020-11-25 21:44:10.796  INFO 1 --- [http-nio-8080-exec-1] o.s.web.servlet.DispatcherServlet        : Initializing Servlet 'dispatcherServlet'
2020-11-25 21:44:10.878  INFO 1 --- [http-nio-8080-exec-1] o.s.web.servlet.DispatcherServlet        : Completed initialization in 73 ms
2020-11-25 21:44:44.475  INFO 1 --- [SpringContextShutdownHook] o.s.s.concurrent.ThreadPoolTaskExecutor  : Shutting down ExecutorService 'applicationTaskExecutor'
2020-11-25 21:44:44.508  INFO 1 --- [SpringContextShutdownHook] o.s.s.concurrent.ThreadPoolTaskExecutor  : Shutting down ExecutorService 'applicationTaskExecutor'
